The system is: Linux - 2.6.32-431.el6.x86_64 - x86_64
Compiling the C compiler identification source file "CMakeCCompilerId.c" succeeded.
Compiler: /usr/lib64/ccache/cc 
Build flags: 
Id flags: 

The output was:
0


Compilation of the C compiler identification source "CMakeCCompilerId.c" produced "a.out"

The C compiler identification is GNU, found in "/afs/cs.stanford.edu/u/twangcat/scratch/caffenet1.0/CMakeFiles/2.8.12.2/CompilerIdC/a.out"

Compiling the CXX compiler identification source file "CMakeCXXCompilerId.cpp" succeeded.
Compiler: /usr/lib64/ccache/c++ 
Build flags: 
Id flags: 

The output was:
0


Compilation of the CXX compiler identification source "CMakeCXXCompilerId.cpp" produced "a.out"

The CXX compiler identification is GNU, found in "/afs/cs.stanford.edu/u/twangcat/scratch/caffenet1.0/CMakeFiles/2.8.12.2/CompilerIdCXX/a.out"

Determining if the C compiler works passed with the following output:
Change Dir: /afs/cs.stanford.edu/u/twangcat/scratch/caffenet1.0/CMakeFiles/CMakeTmp

Run Build Command:/usr/bin/gmake "cmTryCompileExec4180965625/fast"
/usr/bin/gmake -f CMakeFiles/cmTryCompileExec4180965625.dir/build.make CMakeFiles/cmTryCompileExec4180965625.dir/build
gmake[1]: Entering directory `/afs/cs.stanford.edu/u/twangcat/scratch/caffenet1.0/CMakeFiles/CMakeTmp'
/afs/cs.stanford.edu/u/twangcat/scratch/packages/bin/cmake -E cmake_progress_report /afs/cs.stanford.edu/u/twangcat/scratch/caffenet1.0/CMakeFiles/CMakeTmp/CMakeFiles 1
Building C object CMakeFiles/cmTryCompileExec4180965625.dir/testCCompiler.c.o
/usr/lib64/ccache/cc    -o CMakeFiles/cmTryCompileExec4180965625.dir/testCCompiler.c.o   -c /afs/cs.stanford.edu/u/twangcat/scratch/caffenet1.0/CMakeFiles/CMakeTmp/testCCompiler.c
Linking C executable cmTryCompileExec4180965625
/afs/cs.stanford.edu/u/twangcat/scratch/packages/bin/cmake -E cmake_link_script CMakeFiles/cmTryCompileExec4180965625.dir/link.txt --verbose=1
/usr/lib64/ccache/cc       CMakeFiles/cmTryCompileExec4180965625.dir/testCCompiler.c.o  -o cmTryCompileExec4180965625 -rdynamic 
gmake[1]: Leaving directory `/afs/cs.stanford.edu/u/twangcat/scratch/caffenet1.0/CMakeFiles/CMakeTmp'


Detecting C compiler ABI info compiled with the following output:
Change Dir: /afs/cs.stanford.edu/u/twangcat/scratch/caffenet1.0/CMakeFiles/CMakeTmp

Run Build Command:/usr/bin/gmake "cmTryCompileExec171713074/fast"
/usr/bin/gmake -f CMakeFiles/cmTryCompileExec171713074.dir/build.make CMakeFiles/cmTryCompileExec171713074.dir/build
gmake[1]: Entering directory `/afs/cs.stanford.edu/u/twangcat/scratch/caffenet1.0/CMakeFiles/CMakeTmp'
/afs/cs.stanford.edu/u/twangcat/scratch/packages/bin/cmake -E cmake_progress_report /afs/cs.stanford.edu/u/twangcat/scratch/caffenet1.0/CMakeFiles/CMakeTmp/CMakeFiles 1
Building C object CMakeFiles/cmTryCompileExec171713074.dir/CMakeCCompilerABI.c.o
/usr/lib64/ccache/cc    -o CMakeFiles/cmTryCompileExec171713074.dir/CMakeCCompilerABI.c.o   -c /afs/cs.stanford.edu/u/twangcat/scratch/packages/share/cmake-2.8/Modules/CMakeCCompilerABI.c
Linking C executable cmTryCompileExec171713074
/afs/cs.stanford.edu/u/twangcat/scratch/packages/bin/cmake -E cmake_link_script CMakeFiles/cmTryCompileExec171713074.dir/link.txt --verbose=1
/usr/lib64/ccache/cc     -v CMakeFiles/cmTryCompileExec171713074.dir/CMakeCCompilerABI.c.o  -o cmTryCompileExec171713074 -rdynamic  
Using built-in specs.
Target: x86_64-redhat-linux
Configured with: ../configure --prefix=/usr --mandir=/usr/share/man --infodir=/usr/share/info --with-bugurl=http://bugzilla.redhat.com/bugzilla --enable-bootstrap --enable-shared --enable-threads=posix --enable-checking=release --with-system-zlib --enable-__cxa_atexit --disable-libunwind-exceptions --enable-gnu-unique-object --enable-languages=c,c++,objc,obj-c++,java,fortran,ada --enable-java-awt=gtk --disable-dssi --with-java-home=/usr/lib/jvm/java-1.5.0-gcj-1.5.0.0/jre --enable-libgcj-multifile --enable-java-maintainer-mode --with-ecj-jar=/usr/share/java/eclipse-ecj.jar --disable-libjava-multilib --with-ppl --with-cloog --with-tune=generic --with-arch_32=i686 --build=x86_64-redhat-linux
Thread model: posix
gcc version 4.4.7 20120313 (Red Hat 4.4.7-11) (GCC) 
COMPILER_PATH=/usr/libexec/gcc/x86_64-redhat-linux/4.4.7/:/usr/libexec/gcc/x86_64-redhat-linux/4.4.7/:/usr/libexec/gcc/x86_64-redhat-linux/:/usr/lib/gcc/x86_64-redhat-linux/4.4.7/:/usr/lib/gcc/x86_64-redhat-linux/:/usr/libexec/gcc/x86_64-redhat-linux/4.4.7/:/usr/libexec/gcc/x86_64-redhat-linux/:/usr/lib/gcc/x86_64-redhat-linux/4.4.7/:/usr/lib/gcc/x86_64-redhat-linux/
LIBRARY_PATH=/usr/lib/gcc/x86_64-redhat-linux/4.4.7/:/usr/lib/gcc/x86_64-redhat-linux/4.4.7/:/usr/lib/gcc/x86_64-redhat-linux/4.4.7/../../../../lib64/:/lib/../lib64/:/usr/lib/../lib64/:/usr/lib/gcc/x86_64-redhat-linux/4.4.7/../../../:/lib/:/usr/lib/
COLLECT_GCC_OPTIONS='-v' '-o' 'cmTryCompileExec171713074' '-rdynamic' '-mtune=generic'
 /usr/libexec/gcc/x86_64-redhat-linux/4.4.7/collect2 --eh-frame-hdr --build-id -m elf_x86_64 --hash-style=gnu -export-dynamic -dynamic-linker /lib64/ld-linux-x86-64.so.2 -o cmTryCompileExec171713074 /usr/lib/gcc/x86_64-redhat-linux/4.4.7/../../../../lib64/crt1.o /usr/lib/gcc/x86_64-redhat-linux/4.4.7/../../../../lib64/crti.o /usr/lib/gcc/x86_64-redhat-linux/4.4.7/crtbegin.o -L/usr/lib/gcc/x86_64-redhat-linux/4.4.7 -L/usr/lib/gcc/x86_64-redhat-linux/4.4.7 -L/usr/lib/gcc/x86_64-redhat-linux/4.4.7/../../../../lib64 -L/lib/../lib64 -L/usr/lib/../lib64 -L/usr/lib/gcc/x86_64-redhat-linux/4.4.7/../../.. CMakeFiles/cmTryCompileExec171713074.dir/CMakeCCompilerABI.c.o -lgcc --as-needed -lgcc_s --no-as-needed -lc -lgcc --as-needed -lgcc_s --no-as-needed /usr/lib/gcc/x86_64-redhat-linux/4.4.7/crtend.o /usr/lib/gcc/x86_64-redhat-linux/4.4.7/../../../../lib64/crtn.o
gmake[1]: Leaving directory `/afs/cs.stanford.edu/u/twangcat/scratch/caffenet1.0/CMakeFiles/CMakeTmp'


Parsed C implicit link information from above output:
  link line regex: [^( *|.*[/\])(ld|([^/\]+-)?ld|collect2)[^/\]*( |$)]
  ignore line: [Change Dir: /afs/cs.stanford.edu/u/twangcat/scratch/caffenet1.0/CMakeFiles/CMakeTmp]
  ignore line: []
  ignore line: [Run Build Command:/usr/bin/gmake "cmTryCompileExec171713074/fast"]
  ignore line: [/usr/bin/gmake -f CMakeFiles/cmTryCompileExec171713074.dir/build.make CMakeFiles/cmTryCompileExec171713074.dir/build]
  ignore line: [gmake[1]: Entering directory `/afs/cs.stanford.edu/u/twangcat/scratch/caffenet1.0/CMakeFiles/CMakeTmp']
  ignore line: [/afs/cs.stanford.edu/u/twangcat/scratch/packages/bin/cmake -E cmake_progress_report /afs/cs.stanford.edu/u/twangcat/scratch/caffenet1.0/CMakeFiles/CMakeTmp/CMakeFiles 1]
  ignore line: [Building C object CMakeFiles/cmTryCompileExec171713074.dir/CMakeCCompilerABI.c.o]
  ignore line: [/usr/lib64/ccache/cc    -o CMakeFiles/cmTryCompileExec171713074.dir/CMakeCCompilerABI.c.o   -c /afs/cs.stanford.edu/u/twangcat/scratch/packages/share/cmake-2.8/Modules/CMakeCCompilerABI.c]
  ignore line: [Linking C executable cmTryCompileExec171713074]
  ignore line: [/afs/cs.stanford.edu/u/twangcat/scratch/packages/bin/cmake -E cmake_link_script CMakeFiles/cmTryCompileExec171713074.dir/link.txt --verbose=1]
  ignore line: [/usr/lib64/ccache/cc     -v CMakeFiles/cmTryCompileExec171713074.dir/CMakeCCompilerABI.c.o  -o cmTryCompileExec171713074 -rdynamic  ]
  ignore line: [Using built-in specs.]
  ignore line: [Target: x86_64-redhat-linux]
  ignore line: [Configured with: ../configure --prefix=/usr --mandir=/usr/share/man --infodir=/usr/share/info --with-bugurl=http://bugzilla.redhat.com/bugzilla --enable-bootstrap --enable-shared --enable-threads=posix --enable-checking=release --with-system-zlib --enable-__cxa_atexit --disable-libunwind-exceptions --enable-gnu-unique-object --enable-languages=c,c++,objc,obj-c++,java,fortran,ada --enable-java-awt=gtk --disable-dssi --with-java-home=/usr/lib/jvm/java-1.5.0-gcj-1.5.0.0/jre --enable-libgcj-multifile --enable-java-maintainer-mode --with-ecj-jar=/usr/share/java/eclipse-ecj.jar --disable-libjava-multilib --with-ppl --with-cloog --with-tune=generic --with-arch_32=i686 --build=x86_64-redhat-linux]
  ignore line: [Thread model: posix]
  ignore line: [gcc version 4.4.7 20120313 (Red Hat 4.4.7-11) (GCC) ]
  ignore line: [COMPILER_PATH=/usr/libexec/gcc/x86_64-redhat-linux/4.4.7/:/usr/libexec/gcc/x86_64-redhat-linux/4.4.7/:/usr/libexec/gcc/x86_64-redhat-linux/:/usr/lib/gcc/x86_64-redhat-linux/4.4.7/:/usr/lib/gcc/x86_64-redhat-linux/:/usr/libexec/gcc/x86_64-redhat-linux/4.4.7/:/usr/libexec/gcc/x86_64-redhat-linux/:/usr/lib/gcc/x86_64-redhat-linux/4.4.7/:/usr/lib/gcc/x86_64-redhat-linux/]
  ignore line: [LIBRARY_PATH=/usr/lib/gcc/x86_64-redhat-linux/4.4.7/:/usr/lib/gcc/x86_64-redhat-linux/4.4.7/:/usr/lib/gcc/x86_64-redhat-linux/4.4.7/../../../../lib64/:/lib/../lib64/:/usr/lib/../lib64/:/usr/lib/gcc/x86_64-redhat-linux/4.4.7/../../../:/lib/:/usr/lib/]
  ignore line: [COLLECT_GCC_OPTIONS='-v' '-o' 'cmTryCompileExec171713074' '-rdynamic' '-mtune=generic']
  link line: [ /usr/libexec/gcc/x86_64-redhat-linux/4.4.7/collect2 --eh-frame-hdr --build-id -m elf_x86_64 --hash-style=gnu -export-dynamic -dynamic-linker /lib64/ld-linux-x86-64.so.2 -o cmTryCompileExec171713074 /usr/lib/gcc/x86_64-redhat-linux/4.4.7/../../../../lib64/crt1.o /usr/lib/gcc/x86_64-redhat-linux/4.4.7/../../../../lib64/crti.o /usr/lib/gcc/x86_64-redhat-linux/4.4.7/crtbegin.o -L/usr/lib/gcc/x86_64-redhat-linux/4.4.7 -L/usr/lib/gcc/x86_64-redhat-linux/4.4.7 -L/usr/lib/gcc/x86_64-redhat-linux/4.4.7/../../../../lib64 -L/lib/../lib64 -L/usr/lib/../lib64 -L/usr/lib/gcc/x86_64-redhat-linux/4.4.7/../../.. CMakeFiles/cmTryCompileExec171713074.dir/CMakeCCompilerABI.c.o -lgcc --as-needed -lgcc_s --no-as-needed -lc -lgcc --as-needed -lgcc_s --no-as-needed /usr/lib/gcc/x86_64-redhat-linux/4.4.7/crtend.o /usr/lib/gcc/x86_64-redhat-linux/4.4.7/../../../../lib64/crtn.o]
    arg [/usr/libexec/gcc/x86_64-redhat-linux/4.4.7/collect2] ==> ignore
    arg [--eh-frame-hdr] ==> ignore
    arg [--build-id] ==> ignore
    arg [-m] ==> ignore
    arg [elf_x86_64] ==> ignore
    arg [--hash-style=gnu] ==> ignore
    arg [-export-dynamic] ==> ignore
    arg [-dynamic-linker] ==> ignore
    arg [/lib64/ld-linux-x86-64.so.2] ==> ignore
    arg [-o] ==> ignore
    arg [cmTryCompileExec171713074] ==> ignore
    arg [/usr/lib/gcc/x86_64-redhat-linux/4.4.7/../../../../lib64/crt1.o] ==> ignore
    arg [/usr/lib/gcc/x86_64-redhat-linux/4.4.7/../../../../lib64/crti.o] ==> ignore
    arg [/usr/lib/gcc/x86_64-redhat-linux/4.4.7/crtbegin.o] ==> ignore
    arg [-L/usr/lib/gcc/x86_64-redhat-linux/4.4.7] ==> dir [/usr/lib/gcc/x86_64-redhat-linux/4.4.7]
    arg [-L/usr/lib/gcc/x86_64-redhat-linux/4.4.7] ==> dir [/usr/lib/gcc/x86_64-redhat-linux/4.4.7]
    arg [-L/usr/lib/gcc/x86_64-redhat-linux/4.4.7/../../../../lib64] ==> dir [/usr/lib/gcc/x86_64-redhat-linux/4.4.7/../../../../lib64]
    arg [-L/lib/../lib64] ==> dir [/lib/../lib64]
    arg [-L/usr/lib/../lib64] ==> dir [/usr/lib/../lib64]
    arg [-L/usr/lib/gcc/x86_64-redhat-linux/4.4.7/../../..] ==> dir [/usr/lib/gcc/x86_64-redhat-linux/4.4.7/../../..]
    arg [CMakeFiles/cmTryCompileExec171713074.dir/CMakeCCompilerABI.c.o] ==> ignore
    arg [-lgcc] ==> lib [gcc]
    arg [--as-needed] ==> ignore
    arg [-lgcc_s] ==> lib [gcc_s]
    arg [--no-as-needed] ==> ignore
    arg [-lc] ==> lib [c]
    arg [-lgcc] ==> lib [gcc]
    arg [--as-needed] ==> ignore
    arg [-lgcc_s] ==> lib [gcc_s]
    arg [--no-as-needed] ==> ignore
    arg [/usr/lib/gcc/x86_64-redhat-linux/4.4.7/crtend.o] ==> ignore
    arg [/usr/lib/gcc/x86_64-redhat-linux/4.4.7/../../../../lib64/crtn.o] ==> ignore
  remove lib [gcc]
  remove lib [gcc_s]
  remove lib [gcc]
  remove lib [gcc_s]
  collapse library dir [/usr/lib/gcc/x86_64-redhat-linux/4.4.7] ==> [/usr/lib/gcc/x86_64-redhat-linux/4.4.7]
  collapse library dir [/usr/lib/gcc/x86_64-redhat-linux/4.4.7] ==> [/usr/lib/gcc/x86_64-redhat-linux/4.4.7]
  collapse library dir [/usr/lib/gcc/x86_64-redhat-linux/4.4.7/../../../../lib64] ==> [/usr/lib64]
  collapse library dir [/lib/../lib64] ==> [/lib64]
  collapse library dir [/usr/lib/../lib64] ==> [/usr/lib64]
  collapse library dir [/usr/lib/gcc/x86_64-redhat-linux/4.4.7/../../..] ==> [/usr/lib]
  implicit libs: [c]
  implicit dirs: [/usr/lib/gcc/x86_64-redhat-linux/4.4.7;/usr/lib64;/lib64;/usr/lib]
  implicit fwks: []


Determining if the CXX compiler works passed with the following output:
Change Dir: /afs/cs.stanford.edu/u/twangcat/scratch/caffenet1.0/CMakeFiles/CMakeTmp

Run Build Command:/usr/bin/gmake "cmTryCompileExec4019132273/fast"
/usr/bin/gmake -f CMakeFiles/cmTryCompileExec4019132273.dir/build.make CMakeFiles/cmTryCompileExec4019132273.dir/build
gmake[1]: Entering directory `/afs/cs.stanford.edu/u/twangcat/scratch/caffenet1.0/CMakeFiles/CMakeTmp'
/afs/cs.stanford.edu/u/twangcat/scratch/packages/bin/cmake -E cmake_progress_report /afs/cs.stanford.edu/u/twangcat/scratch/caffenet1.0/CMakeFiles/CMakeTmp/CMakeFiles 1
Building CXX object CMakeFiles/cmTryCompileExec4019132273.dir/testCXXCompiler.cxx.o
/usr/lib64/ccache/c++     -o CMakeFiles/cmTryCompileExec4019132273.dir/testCXXCompiler.cxx.o -c /afs/cs.stanford.edu/u/twangcat/scratch/caffenet1.0/CMakeFiles/CMakeTmp/testCXXCompiler.cxx
Linking CXX executable cmTryCompileExec4019132273
/afs/cs.stanford.edu/u/twangcat/scratch/packages/bin/cmake -E cmake_link_script CMakeFiles/cmTryCompileExec4019132273.dir/link.txt --verbose=1
/usr/lib64/ccache/c++        CMakeFiles/cmTryCompileExec4019132273.dir/testCXXCompiler.cxx.o  -o cmTryCompileExec4019132273 -rdynamic 
gmake[1]: Leaving directory `/afs/cs.stanford.edu/u/twangcat/scratch/caffenet1.0/CMakeFiles/CMakeTmp'


Detecting CXX compiler ABI info compiled with the following output:
Change Dir: /afs/cs.stanford.edu/u/twangcat/scratch/caffenet1.0/CMakeFiles/CMakeTmp

Run Build Command:/usr/bin/gmake "cmTryCompileExec929305777/fast"
/usr/bin/gmake -f CMakeFiles/cmTryCompileExec929305777.dir/build.make CMakeFiles/cmTryCompileExec929305777.dir/build
gmake[1]: Entering directory `/afs/cs.stanford.edu/u/twangcat/scratch/caffenet1.0/CMakeFiles/CMakeTmp'
/afs/cs.stanford.edu/u/twangcat/scratch/packages/bin/cmake -E cmake_progress_report /afs/cs.stanford.edu/u/twangcat/scratch/caffenet1.0/CMakeFiles/CMakeTmp/CMakeFiles 1
Building CXX object CMakeFiles/cmTryCompileExec929305777.dir/CMakeCXXCompilerABI.cpp.o
/usr/lib64/ccache/c++     -o CMakeFiles/cmTryCompileExec929305777.dir/CMakeCXXCompilerABI.cpp.o -c /afs/cs.stanford.edu/u/twangcat/scratch/packages/share/cmake-2.8/Modules/CMakeCXXCompilerABI.cpp
Linking CXX executable cmTryCompileExec929305777
/afs/cs.stanford.edu/u/twangcat/scratch/packages/bin/cmake -E cmake_link_script CMakeFiles/cmTryCompileExec929305777.dir/link.txt --verbose=1
/usr/lib64/ccache/c++      -v CMakeFiles/cmTryCompileExec929305777.dir/CMakeCXXCompilerABI.cpp.o  -o cmTryCompileExec929305777 -rdynamic  
Using built-in specs.
Target: x86_64-redhat-linux
Configured with: ../configure --prefix=/usr --mandir=/usr/share/man --infodir=/usr/share/info --with-bugurl=http://bugzilla.redhat.com/bugzilla --enable-bootstrap --enable-shared --enable-threads=posix --enable-checking=release --with-system-zlib --enable-__cxa_atexit --disable-libunwind-exceptions --enable-gnu-unique-object --enable-languages=c,c++,objc,obj-c++,java,fortran,ada --enable-java-awt=gtk --disable-dssi --with-java-home=/usr/lib/jvm/java-1.5.0-gcj-1.5.0.0/jre --enable-libgcj-multifile --enable-java-maintainer-mode --with-ecj-jar=/usr/share/java/eclipse-ecj.jar --disable-libjava-multilib --with-ppl --with-cloog --with-tune=generic --with-arch_32=i686 --build=x86_64-redhat-linux
Thread model: posix
gcc version 4.4.7 20120313 (Red Hat 4.4.7-11) (GCC) 
COMPILER_PATH=/usr/libexec/gcc/x86_64-redhat-linux/4.4.7/:/usr/libexec/gcc/x86_64-redhat-linux/4.4.7/:/usr/libexec/gcc/x86_64-redhat-linux/:/usr/lib/gcc/x86_64-redhat-linux/4.4.7/:/usr/lib/gcc/x86_64-redhat-linux/:/usr/libexec/gcc/x86_64-redhat-linux/4.4.7/:/usr/libexec/gcc/x86_64-redhat-linux/:/usr/lib/gcc/x86_64-redhat-linux/4.4.7/:/usr/lib/gcc/x86_64-redhat-linux/
LIBRARY_PATH=/usr/lib/gcc/x86_64-redhat-linux/4.4.7/:/usr/lib/gcc/x86_64-redhat-linux/4.4.7/:/usr/lib/gcc/x86_64-redhat-linux/4.4.7/../../../../lib64/:/lib/../lib64/:/usr/lib/../lib64/:/usr/lib/gcc/x86_64-redhat-linux/4.4.7/../../../:/lib/:/usr/lib/
COLLECT_GCC_OPTIONS='-v' '-o' 'cmTryCompileExec929305777' '-rdynamic' '-shared-libgcc' '-mtune=generic'
 /usr/libexec/gcc/x86_64-redhat-linux/4.4.7/collect2 --eh-frame-hdr --build-id -m elf_x86_64 --hash-style=gnu -export-dynamic -dynamic-linker /lib64/ld-linux-x86-64.so.2 -o cmTryCompileExec929305777 /usr/lib/gcc/x86_64-redhat-linux/4.4.7/../../../../lib64/crt1.o /usr/lib/gcc/x86_64-redhat-linux/4.4.7/../../../../lib64/crti.o /usr/lib/gcc/x86_64-redhat-linux/4.4.7/crtbegin.o -L/usr/lib/gcc/x86_64-redhat-linux/4.4.7 -L/usr/lib/gcc/x86_64-redhat-linux/4.4.7 -L/usr/lib/gcc/x86_64-redhat-linux/4.4.7/../../../../lib64 -L/lib/../lib64 -L/usr/lib/../lib64 -L/usr/lib/gcc/x86_64-redhat-linux/4.4.7/../../.. CMakeFiles/cmTryCompileExec929305777.dir/CMakeCXXCompilerABI.cpp.o -lstdc++ -lm -lgcc_s -lgcc -lc -lgcc_s -lgcc /usr/lib/gcc/x86_64-redhat-linux/4.4.7/crtend.o /usr/lib/gcc/x86_64-redhat-linux/4.4.7/../../../../lib64/crtn.o
gmake[1]: Leaving directory `/afs/cs.stanford.edu/u/twangcat/scratch/caffenet1.0/CMakeFiles/CMakeTmp'


Parsed CXX implicit link information from above output:
  link line regex: [^( *|.*[/\])(ld|([^/\]+-)?ld|collect2)[^/\]*( |$)]
  ignore line: [Change Dir: /afs/cs.stanford.edu/u/twangcat/scratch/caffenet1.0/CMakeFiles/CMakeTmp]
  ignore line: []
  ignore line: [Run Build Command:/usr/bin/gmake "cmTryCompileExec929305777/fast"]
  ignore line: [/usr/bin/gmake -f CMakeFiles/cmTryCompileExec929305777.dir/build.make CMakeFiles/cmTryCompileExec929305777.dir/build]
  ignore line: [gmake[1]: Entering directory `/afs/cs.stanford.edu/u/twangcat/scratch/caffenet1.0/CMakeFiles/CMakeTmp']
  ignore line: [/afs/cs.stanford.edu/u/twangcat/scratch/packages/bin/cmake -E cmake_progress_report /afs/cs.stanford.edu/u/twangcat/scratch/caffenet1.0/CMakeFiles/CMakeTmp/CMakeFiles 1]
  ignore line: [Building CXX object CMakeFiles/cmTryCompileExec929305777.dir/CMakeCXXCompilerABI.cpp.o]
  ignore line: [/usr/lib64/ccache/c++     -o CMakeFiles/cmTryCompileExec929305777.dir/CMakeCXXCompilerABI.cpp.o -c /afs/cs.stanford.edu/u/twangcat/scratch/packages/share/cmake-2.8/Modules/CMakeCXXCompilerABI.cpp]
  ignore line: [Linking CXX executable cmTryCompileExec929305777]
  ignore line: [/afs/cs.stanford.edu/u/twangcat/scratch/packages/bin/cmake -E cmake_link_script CMakeFiles/cmTryCompileExec929305777.dir/link.txt --verbose=1]
  ignore line: [/usr/lib64/ccache/c++      -v CMakeFiles/cmTryCompileExec929305777.dir/CMakeCXXCompilerABI.cpp.o  -o cmTryCompileExec929305777 -rdynamic  ]
  ignore line: [Using built-in specs.]
  ignore line: [Target: x86_64-redhat-linux]
  ignore line: [Configured with: ../configure --prefix=/usr --mandir=/usr/share/man --infodir=/usr/share/info --with-bugurl=http://bugzilla.redhat.com/bugzilla --enable-bootstrap --enable-shared --enable-threads=posix --enable-checking=release --with-system-zlib --enable-__cxa_atexit --disable-libunwind-exceptions --enable-gnu-unique-object --enable-languages=c,c++,objc,obj-c++,java,fortran,ada --enable-java-awt=gtk --disable-dssi --with-java-home=/usr/lib/jvm/java-1.5.0-gcj-1.5.0.0/jre --enable-libgcj-multifile --enable-java-maintainer-mode --with-ecj-jar=/usr/share/java/eclipse-ecj.jar --disable-libjava-multilib --with-ppl --with-cloog --with-tune=generic --with-arch_32=i686 --build=x86_64-redhat-linux]
  ignore line: [Thread model: posix]
  ignore line: [gcc version 4.4.7 20120313 (Red Hat 4.4.7-11) (GCC) ]
  ignore line: [COMPILER_PATH=/usr/libexec/gcc/x86_64-redhat-linux/4.4.7/:/usr/libexec/gcc/x86_64-redhat-linux/4.4.7/:/usr/libexec/gcc/x86_64-redhat-linux/:/usr/lib/gcc/x86_64-redhat-linux/4.4.7/:/usr/lib/gcc/x86_64-redhat-linux/:/usr/libexec/gcc/x86_64-redhat-linux/4.4.7/:/usr/libexec/gcc/x86_64-redhat-linux/:/usr/lib/gcc/x86_64-redhat-linux/4.4.7/:/usr/lib/gcc/x86_64-redhat-linux/]
  ignore line: [LIBRARY_PATH=/usr/lib/gcc/x86_64-redhat-linux/4.4.7/:/usr/lib/gcc/x86_64-redhat-linux/4.4.7/:/usr/lib/gcc/x86_64-redhat-linux/4.4.7/../../../../lib64/:/lib/../lib64/:/usr/lib/../lib64/:/usr/lib/gcc/x86_64-redhat-linux/4.4.7/../../../:/lib/:/usr/lib/]
  ignore line: [COLLECT_GCC_OPTIONS='-v' '-o' 'cmTryCompileExec929305777' '-rdynamic' '-shared-libgcc' '-mtune=generic']
  link line: [ /usr/libexec/gcc/x86_64-redhat-linux/4.4.7/collect2 --eh-frame-hdr --build-id -m elf_x86_64 --hash-style=gnu -export-dynamic -dynamic-linker /lib64/ld-linux-x86-64.so.2 -o cmTryCompileExec929305777 /usr/lib/gcc/x86_64-redhat-linux/4.4.7/../../../../lib64/crt1.o /usr/lib/gcc/x86_64-redhat-linux/4.4.7/../../../../lib64/crti.o /usr/lib/gcc/x86_64-redhat-linux/4.4.7/crtbegin.o -L/usr/lib/gcc/x86_64-redhat-linux/4.4.7 -L/usr/lib/gcc/x86_64-redhat-linux/4.4.7 -L/usr/lib/gcc/x86_64-redhat-linux/4.4.7/../../../../lib64 -L/lib/../lib64 -L/usr/lib/../lib64 -L/usr/lib/gcc/x86_64-redhat-linux/4.4.7/../../.. CMakeFiles/cmTryCompileExec929305777.dir/CMakeCXXCompilerABI.cpp.o -lstdc++ -lm -lgcc_s -lgcc -lc -lgcc_s -lgcc /usr/lib/gcc/x86_64-redhat-linux/4.4.7/crtend.o /usr/lib/gcc/x86_64-redhat-linux/4.4.7/../../../../lib64/crtn.o]
    arg [/usr/libexec/gcc/x86_64-redhat-linux/4.4.7/collect2] ==> ignore
    arg [--eh-frame-hdr] ==> ignore
    arg [--build-id] ==> ignore
    arg [-m] ==> ignore
    arg [elf_x86_64] ==> ignore
    arg [--hash-style=gnu] ==> ignore
    arg [-export-dynamic] ==> ignore
    arg [-dynamic-linker] ==> ignore
    arg [/lib64/ld-linux-x86-64.so.2] ==> ignore
    arg [-o] ==> ignore
    arg [cmTryCompileExec929305777] ==> ignore
    arg [/usr/lib/gcc/x86_64-redhat-linux/4.4.7/../../../../lib64/crt1.o] ==> ignore
    arg [/usr/lib/gcc/x86_64-redhat-linux/4.4.7/../../../../lib64/crti.o] ==> ignore
    arg [/usr/lib/gcc/x86_64-redhat-linux/4.4.7/crtbegin.o] ==> ignore
    arg [-L/usr/lib/gcc/x86_64-redhat-linux/4.4.7] ==> dir [/usr/lib/gcc/x86_64-redhat-linux/4.4.7]
    arg [-L/usr/lib/gcc/x86_64-redhat-linux/4.4.7] ==> dir [/usr/lib/gcc/x86_64-redhat-linux/4.4.7]
    arg [-L/usr/lib/gcc/x86_64-redhat-linux/4.4.7/../../../../lib64] ==> dir [/usr/lib/gcc/x86_64-redhat-linux/4.4.7/../../../../lib64]
    arg [-L/lib/../lib64] ==> dir [/lib/../lib64]
    arg [-L/usr/lib/../lib64] ==> dir [/usr/lib/../lib64]
    arg [-L/usr/lib/gcc/x86_64-redhat-linux/4.4.7/../../..] ==> dir [/usr/lib/gcc/x86_64-redhat-linux/4.4.7/../../..]
    arg [CMakeFiles/cmTryCompileExec929305777.dir/CMakeCXXCompilerABI.cpp.o] ==> ignore
    arg [-lstdc++] ==> lib [stdc++]
    arg [-lm] ==> lib [m]
    arg [-lgcc_s] ==> lib [gcc_s]
    arg [-lgcc] ==> lib [gcc]
    arg [-lc] ==> lib [c]
    arg [-lgcc_s] ==> lib [gcc_s]
    arg [-lgcc] ==> lib [gcc]
    arg [/usr/lib/gcc/x86_64-redhat-linux/4.4.7/crtend.o] ==> ignore
    arg [/usr/lib/gcc/x86_64-redhat-linux/4.4.7/../../../../lib64/crtn.o] ==> ignore
  remove lib [gcc_s]
  remove lib [gcc]
  remove lib [gcc_s]
  remove lib [gcc]
  collapse library dir [/usr/lib/gcc/x86_64-redhat-linux/4.4.7] ==> [/usr/lib/gcc/x86_64-redhat-linux/4.4.7]
  collapse library dir [/usr/lib/gcc/x86_64-redhat-linux/4.4.7] ==> [/usr/lib/gcc/x86_64-redhat-linux/4.4.7]
  collapse library dir [/usr/lib/gcc/x86_64-redhat-linux/4.4.7/../../../../lib64] ==> [/usr/lib64]
  collapse library dir [/lib/../lib64] ==> [/lib64]
  collapse library dir [/usr/lib/../lib64] ==> [/usr/lib64]
  collapse library dir [/usr/lib/gcc/x86_64-redhat-linux/4.4.7/../../..] ==> [/usr/lib]
  implicit libs: [stdc++;m;c]
  implicit dirs: [/usr/lib/gcc/x86_64-redhat-linux/4.4.7;/usr/lib64;/lib64;/usr/lib]
  implicit fwks: []


Determining if files pthread.h exist passed with the following output:
Change Dir: /afs/cs.stanford.edu/u/twangcat/scratch/caffenet1.0/CMakeFiles/CMakeTmp

Run Build Command:/usr/bin/gmake "cmTryCompileExec3451753711/fast"
/usr/bin/gmake -f CMakeFiles/cmTryCompileExec3451753711.dir/build.make CMakeFiles/cmTryCompileExec3451753711.dir/build
gmake[1]: Entering directory `/afs/cs.stanford.edu/u/twangcat/scratch/caffenet1.0/CMakeFiles/CMakeTmp'
/afs/cs.stanford.edu/u/twangcat/scratch/packages/bin/cmake -E cmake_progress_report /afs/cs.stanford.edu/u/twangcat/scratch/caffenet1.0/CMakeFiles/CMakeTmp/CMakeFiles 1
Building C object CMakeFiles/cmTryCompileExec3451753711.dir/CheckIncludeFiles.c.o
/usr/lib64/ccache/cc    -o CMakeFiles/cmTryCompileExec3451753711.dir/CheckIncludeFiles.c.o   -c /afs/cs.stanford.edu/u/twangcat/scratch/caffenet1.0/CMakeFiles/CMakeTmp/CheckIncludeFiles.c
Linking C executable cmTryCompileExec3451753711
/afs/cs.stanford.edu/u/twangcat/scratch/packages/bin/cmake -E cmake_link_script CMakeFiles/cmTryCompileExec3451753711.dir/link.txt --verbose=1
/usr/lib64/ccache/cc       CMakeFiles/cmTryCompileExec3451753711.dir/CheckIncludeFiles.c.o  -o cmTryCompileExec3451753711 -rdynamic 
gmake[1]: Leaving directory `/afs/cs.stanford.edu/u/twangcat/scratch/caffenet1.0/CMakeFiles/CMakeTmp'


Determining if the function pthread_create exists in the pthread passed with the following output:
Change Dir: /afs/cs.stanford.edu/u/twangcat/scratch/caffenet1.0/CMakeFiles/CMakeTmp

Run Build Command:/usr/bin/gmake "cmTryCompileExec3929972917/fast"
/usr/bin/gmake -f CMakeFiles/cmTryCompileExec3929972917.dir/build.make CMakeFiles/cmTryCompileExec3929972917.dir/build
gmake[1]: Entering directory `/afs/cs.stanford.edu/u/twangcat/scratch/caffenet1.0/CMakeFiles/CMakeTmp'
/afs/cs.stanford.edu/u/twangcat/scratch/packages/bin/cmake -E cmake_progress_report /afs/cs.stanford.edu/u/twangcat/scratch/caffenet1.0/CMakeFiles/CMakeTmp/CMakeFiles 1
Building C object CMakeFiles/cmTryCompileExec3929972917.dir/CheckFunctionExists.c.o
/usr/lib64/ccache/cc   -DCHECK_FUNCTION_EXISTS=pthread_create   -o CMakeFiles/cmTryCompileExec3929972917.dir/CheckFunctionExists.c.o   -c /afs/cs.stanford.edu/u/twangcat/scratch/packages/share/cmake-2.8/Modules/CheckFunctionExists.c
Linking C executable cmTryCompileExec3929972917
/afs/cs.stanford.edu/u/twangcat/scratch/packages/bin/cmake -E cmake_link_script CMakeFiles/cmTryCompileExec3929972917.dir/link.txt --verbose=1
/usr/lib64/ccache/cc   -DCHECK_FUNCTION_EXISTS=pthread_create    CMakeFiles/cmTryCompileExec3929972917.dir/CheckFunctionExists.c.o  -o cmTryCompileExec3929972917 -rdynamic -lpthread 
gmake[1]: Leaving directory `/afs/cs.stanford.edu/u/twangcat/scratch/caffenet1.0/CMakeFiles/CMakeTmp'


Determining if files pthread.h exist passed with the following output:
Change Dir: /afs/cs.stanford.edu/u/twangcat/scratch/caffenet1.0/CMakeFiles/CMakeTmp

Run Build Command:/usr/bin/gmake "cmTryCompileExec1147018600/fast"
/usr/bin/gmake -f CMakeFiles/cmTryCompileExec1147018600.dir/build.make CMakeFiles/cmTryCompileExec1147018600.dir/build
gmake[1]: Entering directory `/afs/cs.stanford.edu/u/twangcat/scratch/caffenet1.0/CMakeFiles/CMakeTmp'
/afs/cs.stanford.edu/u/twangcat/scratch/packages/bin/cmake -E cmake_progress_report /afs/cs.stanford.edu/u/twangcat/scratch/caffenet1.0/CMakeFiles/CMakeTmp/CMakeFiles 1
Building C object CMakeFiles/cmTryCompileExec1147018600.dir/CheckIncludeFiles.c.o
/usr/lib64/ccache/cc    -o CMakeFiles/cmTryCompileExec1147018600.dir/CheckIncludeFiles.c.o   -c /afs/cs.stanford.edu/u/twangcat/scratch/caffenet1.0/CMakeFiles/CMakeTmp/CheckIncludeFiles.c
Linking C executable cmTryCompileExec1147018600
/afs/cs.stanford.edu/u/twangcat/scratch/packages/bin/cmake -E cmake_link_script CMakeFiles/cmTryCompileExec1147018600.dir/link.txt --verbose=1
/usr/lib64/ccache/cc       CMakeFiles/cmTryCompileExec1147018600.dir/CheckIncludeFiles.c.o  -o cmTryCompileExec1147018600 -rdynamic 
gmake[1]: Leaving directory `/afs/cs.stanford.edu/u/twangcat/scratch/caffenet1.0/CMakeFiles/CMakeTmp'


Determining if the function pthread_create exists in the pthread passed with the following output:
Change Dir: /afs/cs.stanford.edu/u/twangcat/scratch/caffenet1.0/CMakeFiles/CMakeTmp

Run Build Command:/usr/bin/gmake "cmTryCompileExec3501470087/fast"
/usr/bin/gmake -f CMakeFiles/cmTryCompileExec3501470087.dir/build.make CMakeFiles/cmTryCompileExec3501470087.dir/build
gmake[1]: Entering directory `/afs/cs.stanford.edu/u/twangcat/scratch/caffenet1.0/CMakeFiles/CMakeTmp'
/afs/cs.stanford.edu/u/twangcat/scratch/packages/bin/cmake -E cmake_progress_report /afs/cs.stanford.edu/u/twangcat/scratch/caffenet1.0/CMakeFiles/CMakeTmp/CMakeFiles 1
Building C object CMakeFiles/cmTryCompileExec3501470087.dir/CheckFunctionExists.c.o
/usr/lib64/ccache/cc   -DCHECK_FUNCTION_EXISTS=pthread_create   -o CMakeFiles/cmTryCompileExec3501470087.dir/CheckFunctionExists.c.o   -c /afs/cs.stanford.edu/u/twangcat/scratch/packages/share/cmake-2.8/Modules/CheckFunctionExists.c
Linking C executable cmTryCompileExec3501470087
/afs/cs.stanford.edu/u/twangcat/scratch/packages/bin/cmake -E cmake_link_script CMakeFiles/cmTryCompileExec3501470087.dir/link.txt --verbose=1
/usr/lib64/ccache/cc   -DCHECK_FUNCTION_EXISTS=pthread_create    CMakeFiles/cmTryCompileExec3501470087.dir/CheckFunctionExists.c.o  -o cmTryCompileExec3501470087 -rdynamic -lpthread 
gmake[1]: Leaving directory `/afs/cs.stanford.edu/u/twangcat/scratch/caffenet1.0/CMakeFiles/CMakeTmp'


Determining if files pthread.h exist passed with the following output:
Change Dir: /afs/cs.stanford.edu/u/twangcat/scratch/caffenet1.0/CMakeFiles/CMakeTmp

Run Build Command:/usr/bin/gmake "cmTryCompileExec137251651/fast"
/usr/bin/gmake -f CMakeFiles/cmTryCompileExec137251651.dir/build.make CMakeFiles/cmTryCompileExec137251651.dir/build
gmake[1]: Entering directory `/afs/cs.stanford.edu/u/twangcat/scratch/caffenet1.0/CMakeFiles/CMakeTmp'
/afs/cs.stanford.edu/u/twangcat/scratch/packages/bin/cmake -E cmake_progress_report /afs/cs.stanford.edu/u/twangcat/scratch/caffenet1.0/CMakeFiles/CMakeTmp/CMakeFiles 1
Building C object CMakeFiles/cmTryCompileExec137251651.dir/CheckIncludeFiles.c.o
/usr/lib64/ccache/cc    -o CMakeFiles/cmTryCompileExec137251651.dir/CheckIncludeFiles.c.o   -c /afs/cs.stanford.edu/u/twangcat/scratch/caffenet1.0/CMakeFiles/CMakeTmp/CheckIncludeFiles.c
Linking C executable cmTryCompileExec137251651
/afs/cs.stanford.edu/u/twangcat/scratch/packages/bin/cmake -E cmake_link_script CMakeFiles/cmTryCompileExec137251651.dir/link.txt --verbose=1
/usr/lib64/ccache/cc       CMakeFiles/cmTryCompileExec137251651.dir/CheckIncludeFiles.c.o  -o cmTryCompileExec137251651 -rdynamic 
gmake[1]: Leaving directory `/afs/cs.stanford.edu/u/twangcat/scratch/caffenet1.0/CMakeFiles/CMakeTmp'


Determining if the function pthread_create exists in the pthread passed with the following output:
Change Dir: /afs/cs.stanford.edu/u/twangcat/scratch/caffenet1.0/CMakeFiles/CMakeTmp

Run Build Command:/usr/bin/gmake "cmTryCompileExec2467234149/fast"
/usr/bin/gmake -f CMakeFiles/cmTryCompileExec2467234149.dir/build.make CMakeFiles/cmTryCompileExec2467234149.dir/build
gmake[1]: Entering directory `/afs/cs.stanford.edu/u/twangcat/scratch/caffenet1.0/CMakeFiles/CMakeTmp'
/afs/cs.stanford.edu/u/twangcat/scratch/packages/bin/cmake -E cmake_progress_report /afs/cs.stanford.edu/u/twangcat/scratch/caffenet1.0/CMakeFiles/CMakeTmp/CMakeFiles 1
Building C object CMakeFiles/cmTryCompileExec2467234149.dir/CheckFunctionExists.c.o
/usr/lib64/ccache/cc   -DCHECK_FUNCTION_EXISTS=pthread_create   -o CMakeFiles/cmTryCompileExec2467234149.dir/CheckFunctionExists.c.o   -c /afs/cs.stanford.edu/u/twangcat/scratch/packages/share/cmake-2.8/Modules/CheckFunctionExists.c
Linking C executable cmTryCompileExec2467234149
/afs/cs.stanford.edu/u/twangcat/scratch/packages/bin/cmake -E cmake_link_script CMakeFiles/cmTryCompileExec2467234149.dir/link.txt --verbose=1
/usr/lib64/ccache/cc   -DCHECK_FUNCTION_EXISTS=pthread_create    CMakeFiles/cmTryCompileExec2467234149.dir/CheckFunctionExists.c.o  -o cmTryCompileExec2467234149 -rdynamic -lpthread 
gmake[1]: Leaving directory `/afs/cs.stanford.edu/u/twangcat/scratch/caffenet1.0/CMakeFiles/CMakeTmp'


Determining if files pthread.h exist passed with the following output:
Change Dir: /afs/cs.stanford.edu/u/twangcat/scratch/caffenet1.0/CMakeFiles/CMakeTmp

Run Build Command:/usr/bin/gmake "cmTryCompileExec2376773385/fast"
/usr/bin/gmake -f CMakeFiles/cmTryCompileExec2376773385.dir/build.make CMakeFiles/cmTryCompileExec2376773385.dir/build
gmake[1]: Entering directory `/afs/cs.stanford.edu/u/twangcat/scratch/caffenet1.0/CMakeFiles/CMakeTmp'
/afs/cs.stanford.edu/u/twangcat/scratch/packages/bin/cmake -E cmake_progress_report /afs/cs.stanford.edu/u/twangcat/scratch/caffenet1.0/CMakeFiles/CMakeTmp/CMakeFiles 1
Building C object CMakeFiles/cmTryCompileExec2376773385.dir/CheckIncludeFiles.c.o
/usr/lib64/ccache/cc    -o CMakeFiles/cmTryCompileExec2376773385.dir/CheckIncludeFiles.c.o   -c /afs/cs.stanford.edu/u/twangcat/scratch/caffenet1.0/CMakeFiles/CMakeTmp/CheckIncludeFiles.c
Linking C executable cmTryCompileExec2376773385
/afs/cs.stanford.edu/u/twangcat/scratch/packages/bin/cmake -E cmake_link_script CMakeFiles/cmTryCompileExec2376773385.dir/link.txt --verbose=1
/usr/lib64/ccache/cc       CMakeFiles/cmTryCompileExec2376773385.dir/CheckIncludeFiles.c.o  -o cmTryCompileExec2376773385 -rdynamic 
gmake[1]: Leaving directory `/afs/cs.stanford.edu/u/twangcat/scratch/caffenet1.0/CMakeFiles/CMakeTmp'


Determining if the function pthread_create exists in the pthread passed with the following output:
Change Dir: /afs/cs.stanford.edu/u/twangcat/scratch/caffenet1.0/CMakeFiles/CMakeTmp

Run Build Command:/usr/bin/gmake "cmTryCompileExec1365617133/fast"
/usr/bin/gmake -f CMakeFiles/cmTryCompileExec1365617133.dir/build.make CMakeFiles/cmTryCompileExec1365617133.dir/build
gmake[1]: Entering directory `/afs/cs.stanford.edu/u/twangcat/scratch/caffenet1.0/CMakeFiles/CMakeTmp'
/afs/cs.stanford.edu/u/twangcat/scratch/packages/bin/cmake -E cmake_progress_report /afs/cs.stanford.edu/u/twangcat/scratch/caffenet1.0/CMakeFiles/CMakeTmp/CMakeFiles 1
Building C object CMakeFiles/cmTryCompileExec1365617133.dir/CheckFunctionExists.c.o
/usr/lib64/ccache/cc   -DCHECK_FUNCTION_EXISTS=pthread_create   -o CMakeFiles/cmTryCompileExec1365617133.dir/CheckFunctionExists.c.o   -c /afs/cs.stanford.edu/u/twangcat/scratch/packages/share/cmake-2.8/Modules/CheckFunctionExists.c
Linking C executable cmTryCompileExec1365617133
/afs/cs.stanford.edu/u/twangcat/scratch/packages/bin/cmake -E cmake_link_script CMakeFiles/cmTryCompileExec1365617133.dir/link.txt --verbose=1
/usr/lib64/ccache/cc   -DCHECK_FUNCTION_EXISTS=pthread_create    CMakeFiles/cmTryCompileExec1365617133.dir/CheckFunctionExists.c.o  -o cmTryCompileExec1365617133 -rdynamic -lpthread 
gmake[1]: Leaving directory `/afs/cs.stanford.edu/u/twangcat/scratch/caffenet1.0/CMakeFiles/CMakeTmp'


Determining if files pthread.h exist passed with the following output:
Change Dir: /afs/cs.stanford.edu/u/twangcat/scratch/caffenet1.0/CMakeFiles/CMakeTmp

Run Build Command:/usr/bin/gmake "cmTryCompileExec3363363472/fast"
/usr/bin/gmake -f CMakeFiles/cmTryCompileExec3363363472.dir/build.make CMakeFiles/cmTryCompileExec3363363472.dir/build
gmake[1]: Entering directory `/afs/cs.stanford.edu/u/twangcat/scratch/caffenet1.0/CMakeFiles/CMakeTmp'
/afs/cs.stanford.edu/u/twangcat/scratch/packages/bin/cmake -E cmake_progress_report /afs/cs.stanford.edu/u/twangcat/scratch/caffenet1.0/CMakeFiles/CMakeTmp/CMakeFiles 1
Building C object CMakeFiles/cmTryCompileExec3363363472.dir/CheckIncludeFiles.c.o
/usr/lib64/ccache/cc    -o CMakeFiles/cmTryCompileExec3363363472.dir/CheckIncludeFiles.c.o   -c /afs/cs.stanford.edu/u/twangcat/scratch/caffenet1.0/CMakeFiles/CMakeTmp/CheckIncludeFiles.c
Linking C executable cmTryCompileExec3363363472
/afs/cs.stanford.edu/u/twangcat/scratch/packages/bin/cmake -E cmake_link_script CMakeFiles/cmTryCompileExec3363363472.dir/link.txt --verbose=1
/usr/lib64/ccache/cc       CMakeFiles/cmTryCompileExec3363363472.dir/CheckIncludeFiles.c.o  -o cmTryCompileExec3363363472 -rdynamic 
gmake[1]: Leaving directory `/afs/cs.stanford.edu/u/twangcat/scratch/caffenet1.0/CMakeFiles/CMakeTmp'


Determining if the function pthread_create exists in the pthread passed with the following output:
Change Dir: /afs/cs.stanford.edu/u/twangcat/scratch/caffenet1.0/CMakeFiles/CMakeTmp

Run Build Command:/usr/bin/gmake "cmTryCompileExec2127580601/fast"
/usr/bin/gmake -f CMakeFiles/cmTryCompileExec2127580601.dir/build.make CMakeFiles/cmTryCompileExec2127580601.dir/build
gmake[1]: Entering directory `/afs/cs.stanford.edu/u/twangcat/scratch/caffenet1.0/CMakeFiles/CMakeTmp'
/afs/cs.stanford.edu/u/twangcat/scratch/packages/bin/cmake -E cmake_progress_report /afs/cs.stanford.edu/u/twangcat/scratch/caffenet1.0/CMakeFiles/CMakeTmp/CMakeFiles 1
Building C object CMakeFiles/cmTryCompileExec2127580601.dir/CheckFunctionExists.c.o
/usr/lib64/ccache/cc   -DCHECK_FUNCTION_EXISTS=pthread_create   -o CMakeFiles/cmTryCompileExec2127580601.dir/CheckFunctionExists.c.o   -c /afs/cs.stanford.edu/u/twangcat/scratch/packages/share/cmake-2.8/Modules/CheckFunctionExists.c
Linking C executable cmTryCompileExec2127580601
/afs/cs.stanford.edu/u/twangcat/scratch/packages/bin/cmake -E cmake_link_script CMakeFiles/cmTryCompileExec2127580601.dir/link.txt --verbose=1
/usr/lib64/ccache/cc   -DCHECK_FUNCTION_EXISTS=pthread_create    CMakeFiles/cmTryCompileExec2127580601.dir/CheckFunctionExists.c.o  -o cmTryCompileExec2127580601 -rdynamic -lpthread 
gmake[1]: Leaving directory `/afs/cs.stanford.edu/u/twangcat/scratch/caffenet1.0/CMakeFiles/CMakeTmp'


Determining if files pthread.h exist passed with the following output:
Change Dir: /afs/cs.stanford.edu/u/twangcat/scratch/caffenet1.0/CMakeFiles/CMakeTmp

Run Build Command:/usr/bin/gmake "cmTryCompileExec2310842163/fast"
/usr/bin/gmake -f CMakeFiles/cmTryCompileExec2310842163.dir/build.make CMakeFiles/cmTryCompileExec2310842163.dir/build
gmake[1]: Entering directory `/afs/cs.stanford.edu/u/twangcat/scratch/caffenet1.0/CMakeFiles/CMakeTmp'
/afs/cs.stanford.edu/u/twangcat/scratch/packages/bin/cmake -E cmake_progress_report /afs/cs.stanford.edu/u/twangcat/scratch/caffenet1.0/CMakeFiles/CMakeTmp/CMakeFiles 1
Building C object CMakeFiles/cmTryCompileExec2310842163.dir/CheckIncludeFiles.c.o
/usr/lib64/ccache/cc    -o CMakeFiles/cmTryCompileExec2310842163.dir/CheckIncludeFiles.c.o   -c /afs/cs.stanford.edu/u/twangcat/scratch/caffenet1.0/CMakeFiles/CMakeTmp/CheckIncludeFiles.c
Linking C executable cmTryCompileExec2310842163
/afs/cs.stanford.edu/u/twangcat/scratch/packages/bin/cmake -E cmake_link_script CMakeFiles/cmTryCompileExec2310842163.dir/link.txt --verbose=1
/usr/lib64/ccache/cc       CMakeFiles/cmTryCompileExec2310842163.dir/CheckIncludeFiles.c.o  -o cmTryCompileExec2310842163 -rdynamic 
gmake[1]: Leaving directory `/afs/cs.stanford.edu/u/twangcat/scratch/caffenet1.0/CMakeFiles/CMakeTmp'


Determining if the function pthread_create exists in the pthread passed with the following output:
Change Dir: /afs/cs.stanford.edu/u/twangcat/scratch/caffenet1.0/CMakeFiles/CMakeTmp

Run Build Command:/usr/bin/gmake "cmTryCompileExec3126625403/fast"
/usr/bin/gmake -f CMakeFiles/cmTryCompileExec3126625403.dir/build.make CMakeFiles/cmTryCompileExec3126625403.dir/build
gmake[1]: Entering directory `/afs/cs.stanford.edu/u/twangcat/scratch/caffenet1.0/CMakeFiles/CMakeTmp'
/afs/cs.stanford.edu/u/twangcat/scratch/packages/bin/cmake -E cmake_progress_report /afs/cs.stanford.edu/u/twangcat/scratch/caffenet1.0/CMakeFiles/CMakeTmp/CMakeFiles 1
Building C object CMakeFiles/cmTryCompileExec3126625403.dir/CheckFunctionExists.c.o
/usr/lib64/ccache/cc   -DCHECK_FUNCTION_EXISTS=pthread_create   -o CMakeFiles/cmTryCompileExec3126625403.dir/CheckFunctionExists.c.o   -c /afs/cs.stanford.edu/u/twangcat/scratch/packages/share/cmake-2.8/Modules/CheckFunctionExists.c
Linking C executable cmTryCompileExec3126625403
/afs/cs.stanford.edu/u/twangcat/scratch/packages/bin/cmake -E cmake_link_script CMakeFiles/cmTryCompileExec3126625403.dir/link.txt --verbose=1
/usr/lib64/ccache/cc   -DCHECK_FUNCTION_EXISTS=pthread_create    CMakeFiles/cmTryCompileExec3126625403.dir/CheckFunctionExists.c.o  -o cmTryCompileExec3126625403 -rdynamic -lpthread 
gmake[1]: Leaving directory `/afs/cs.stanford.edu/u/twangcat/scratch/caffenet1.0/CMakeFiles/CMakeTmp'


Determining if files pthread.h exist passed with the following output:
Change Dir: /afs/cs.stanford.edu/u/twangcat/scratch/caffenet1.0/CMakeFiles/CMakeTmp

Run Build Command:/usr/bin/gmake "cmTryCompileExec668480187/fast"
/usr/bin/gmake -f CMakeFiles/cmTryCompileExec668480187.dir/build.make CMakeFiles/cmTryCompileExec668480187.dir/build
gmake[1]: Entering directory `/afs/cs.stanford.edu/u/twangcat/scratch/caffenet1.0/CMakeFiles/CMakeTmp'
/afs/cs.stanford.edu/u/twangcat/scratch/packages/bin/cmake -E cmake_progress_report /afs/cs.stanford.edu/u/twangcat/scratch/caffenet1.0/CMakeFiles/CMakeTmp/CMakeFiles 1
Building C object CMakeFiles/cmTryCompileExec668480187.dir/CheckIncludeFiles.c.o
/usr/lib64/ccache/cc    -o CMakeFiles/cmTryCompileExec668480187.dir/CheckIncludeFiles.c.o   -c /afs/cs.stanford.edu/u/twangcat/scratch/caffenet1.0/CMakeFiles/CMakeTmp/CheckIncludeFiles.c
Linking C executable cmTryCompileExec668480187
/afs/cs.stanford.edu/u/twangcat/scratch/packages/bin/cmake -E cmake_link_script CMakeFiles/cmTryCompileExec668480187.dir/link.txt --verbose=1
/usr/lib64/ccache/cc       CMakeFiles/cmTryCompileExec668480187.dir/CheckIncludeFiles.c.o  -o cmTryCompileExec668480187 -rdynamic 
gmake[1]: Leaving directory `/afs/cs.stanford.edu/u/twangcat/scratch/caffenet1.0/CMakeFiles/CMakeTmp'


Determining if the function pthread_create exists in the pthread passed with the following output:
Change Dir: /afs/cs.stanford.edu/u/twangcat/scratch/caffenet1.0/CMakeFiles/CMakeTmp

Run Build Command:/usr/bin/gmake "cmTryCompileExec621840060/fast"
/usr/bin/gmake -f CMakeFiles/cmTryCompileExec621840060.dir/build.make CMakeFiles/cmTryCompileExec621840060.dir/build
gmake[1]: Entering directory `/afs/cs.stanford.edu/u/twangcat/scratch/caffenet1.0/CMakeFiles/CMakeTmp'
/afs/cs.stanford.edu/u/twangcat/scratch/packages/bin/cmake -E cmake_progress_report /afs/cs.stanford.edu/u/twangcat/scratch/caffenet1.0/CMakeFiles/CMakeTmp/CMakeFiles 1
Building C object CMakeFiles/cmTryCompileExec621840060.dir/CheckFunctionExists.c.o
/usr/lib64/ccache/cc   -DCHECK_FUNCTION_EXISTS=pthread_create   -o CMakeFiles/cmTryCompileExec621840060.dir/CheckFunctionExists.c.o   -c /afs/cs.stanford.edu/u/twangcat/scratch/packages/share/cmake-2.8/Modules/CheckFunctionExists.c
Linking C executable cmTryCompileExec621840060
/afs/cs.stanford.edu/u/twangcat/scratch/packages/bin/cmake -E cmake_link_script CMakeFiles/cmTryCompileExec621840060.dir/link.txt --verbose=1
/usr/lib64/ccache/cc   -DCHECK_FUNCTION_EXISTS=pthread_create    CMakeFiles/cmTryCompileExec621840060.dir/CheckFunctionExists.c.o  -o cmTryCompileExec621840060 -rdynamic -lpthread 
gmake[1]: Leaving directory `/afs/cs.stanford.edu/u/twangcat/scratch/caffenet1.0/CMakeFiles/CMakeTmp'


